build/intermediates/manifest_merge_blame_file/debug/processDebugMainManifest/manifest-merger-blame-debug-report.txt
1<?xml version="1.0" encoding="utf-8"?>
2<manifest xmlns:android="http://schemas.android.com/apk/res/android"
3    package="org.freedesktop.monado.rayneotest"
4    android:versionCode="1"
5    android:versionName="0.1.0" >
6
7    <uses-sdk
8        android:minSdkVersion="26"
9        android:targetSdkVersion="31" />
10
11    <uses-feature
11-->src\main\AndroidManifest.xml:4:5-86
12        android:name="android.hardware.usb.host"
12-->src\main\AndroidManifest.xml:4:19-59
13        android:required="true" />
13-->src\main\AndroidManifest.xml:4:60-83
14    <uses-feature
14-->src\main\AndroidManifest.xml:5:5-78
15        android:glEsVersion="0x00020000"
15-->src\main\AndroidManifest.xml:5:19-51
16        android:required="true" />
16-->src\main\AndroidManifest.xml:5:52-75
17
18    <permission
18-->[androidx.core:core:1.15.0] AndroidManifest.xml:22:5-24:47
19        android:name="org.freedesktop.monado.rayneotest.DYNAMIC_RECEIVER_NOT_EXPORTED_PERMISSION"
19-->[androidx.core:core:1.15.0] AndroidManifest.xml:23:9-81
20        android:protectionLevel="signature" />
20-->[androidx.core:core:1.15.0] AndroidManifest.xml:24:9-44
21
22    <uses-permission android:name="org.freedesktop.monado.rayneotest.DYNAMIC_RECEIVER_NOT_EXPORTED_PERMISSION" />
22-->[androidx.core:core:1.15.0] AndroidManifest.xml:26:5-97
22-->[androidx.core:core:1.15.0] AndroidManifest.xml:26:22-94
23
24    <application
24-->src\main\AndroidManifest.xml:7:5-21:19
25        android:allowBackup="false"
25-->src\main\AndroidManifest.xml:8:9-36
26        android:appComponentFactory="androidx.core.app.CoreComponentFactory"
26-->[androidx.core:core:1.15.0] AndroidManifest.xml:28:18-86
27        android:debuggable="true"
28        android:extractNativeLibs="false"
29        android:label="@string/app_name"
29-->src\main\AndroidManifest.xml:9:9-41
30        android:supportsRtl="true"
30-->src\main\AndroidManifest.xml:10:9-35
31        android:theme="@style/Theme.RayNeoTest" >
31-->src\main\AndroidManifest.xml:11:9-48
32        <activity
32-->src\main\AndroidManifest.xml:12:9-20:20
33            android:name="org.freedesktop.monado.rayneotest.MainActivity"
33-->src\main\AndroidManifest.xml:13:13-41
34            android:exported="true"
34-->src\main\AndroidManifest.xml:14:13-36
35            android:screenOrientation="sensorLandscape" >
35-->src\main\AndroidManifest.xml:15:13-56
36            <intent-filter>
36-->src\main\AndroidManifest.xml:16:13-19:29
37                <action android:name="android.intent.action.MAIN" />
37-->src\main\AndroidManifest.xml:17:17-69
37-->src\main\AndroidManifest.xml:17:25-66
38
39                <category android:name="android.intent.category.LAUNCHER" />
39-->src\main\AndroidManifest.xml:18:17-77
39-->src\main\AndroidManifest.xml:18:27-74
40            </intent-filter>
41        </activity>
42
43        <provider
43-->[androidx.emoji2:emoji2:1.3.0] AndroidManifest.xml:24:9-32:20
44            android:name="androidx.startup.InitializationProvider"
44-->[androidx.emoji2:emoji2:1.3.0] AndroidManifest.xml:25:13-67
45            android:authorities="org.freedesktop.monado.rayneotest.androidx-startup"
45-->[androidx.emoji2:emoji2:1.3.0] AndroidManifest.xml:26:13-68
46            android:exported="false" >
46-->[androidx.emoji2:emoji2:1.3.0] AndroidManifest.xml:27:13-37
47            <meta-data
47-->[androidx.emoji2:emoji2:1.3.0] AndroidManifest.xml:29:13-31:52
48                android:name="androidx.emoji2.text.EmojiCompatInitializer"
48-->[androidx.emoji2:emoji2:1.3.0] AndroidManifest.xml:30:17-75
49                android:value="androidx.startup" />
49-->[androidx.emoji2:emoji2:1.3.0] AndroidManifest.xml:31:17-49
50            <meta-data
50-->[androidx.lifecycle:lifecycle-process:2.6.2] AndroidManifest.xml:29:13-31:52
51                android:name="androidx.lifecycle.ProcessLifecycleInitializer"
51-->[androidx.lifecycle:lifecycle-process:2.6.2] AndroidManifest.xml:30:17-78
52                android:value="androidx.startup" />
52-->[androidx.lifecycle:lifecycle-process:2.6.2] AndroidManifest.xml:31:17-49
53            <meta-data
53-->[androidx.profileinstaller:profileinstaller:1.3.1] AndroidManifest.xml:29:13-31:52
54                android:name="androidx.profileinstaller.ProfileInstallerInitializer"
54-->[androidx.profileinstaller:profileinstaller:1.3.1] AndroidManifest.xml:30:17-85
55                android:value="androidx.startup" />
55-->[androidx.profileinstaller:profileinstaller:1.3.1] AndroidManifest.xml:31:17-49
56        </provider>
57
58        <receiver
58-->[androidx.profileinstaller:profileinstaller:1.3.1] AndroidManifest.xml:34:9-52:20
59            android:name="androidx.profileinstaller.ProfileInstallReceiver"
59-->[androidx.profileinstaller:profileinstaller:1.3.1] AndroidManifest.xml:35:13-76
60            android:directBootAware="false"
60-->[androidx.profileinstaller:profileinstaller:1.3.1] AndroidManifest.xml:36:13-44
61            android:enabled="true"
61-->[androidx.profileinstaller:profileinstaller:1.3.1] AndroidManifest.xml:37:13-35
62            android:exported="true"
62-->[androidx.profileinstaller:profileinstaller:1.3.1] AndroidManifest.xml:38:13-36
63            android:permission="android.permission.DUMP" >
63-->[androidx.profileinstaller:profileinstaller:1.3.1] AndroidManifest.xml:39:13-57
64            <intent-filter>
64-->[androidx.profileinstaller:profileinstaller:1.3.1] AndroidManifest.xml:40:13-42:29
65                <action android:name="androidx.profileinstaller.action.INSTALL_PROFILE" />
65-->[androidx.profileinstaller:profileinstaller:1.3.1] AndroidManifest.xml:41:17-91
65-->[androidx.profileinstaller:profileinstaller:1.3.1] AndroidManifest.xml:41:25-88
66            </intent-filter>
67            <intent-filter>
67-->[androidx.profileinstaller:profileinstaller:1.3.1] AndroidManifest.xml:43:13-45:29
68                <action android:name="androidx.profileinstaller.action.SKIP_FILE" />
68-->[androidx.profileinstaller:profileinstaller:1.3.1] AndroidManifest.xml:44:17-85
68-->[androidx.profileinstaller:profileinstaller:1.3.1] AndroidManifest.xml:44:25-82
69            </intent-filter>
70            <intent-filter>
70-->[androidx.profileinstaller:profileinstaller:1.3.1] AndroidManifest.xml:46:13-48:29
71                <action android:name="androidx.profileinstaller.action.SAVE_PROFILE" />
71-->[androidx.profileinstaller:profileinstaller:1.3.1] AndroidManifest.xml:47:17-88
71-->[androidx.profileinstaller:profileinstaller:1.3.1] AndroidManifest.xml:47:25-85
72            </intent-filter>
73            <intent-filter>
73-->[androidx.profileinstaller:profileinstaller:1.3.1] AndroidManifest.xml:49:13-51:29
74                <action android:name="androidx.profileinstaller.action.BENCHMARK_OPERATION" />
74-->[androidx.profileinstaller:profileinstaller:1.3.1] AndroidManifest.xml:50:17-95
74-->[androidx.profileinstaller:profileinstaller:1.3.1] AndroidManifest.xml:50:25-92
75            </intent-filter>
76        </receiver>
77    </application>
78
79</manifest>